<?xml version="1.0" encoding="UTF-8"?>
<testng-results ignored="0" total="9" passed="9" failed="0" skipped="0">
  <reporter-output>
  </reporter-output>
  <suite started-at="2024-09-13T09:52:51 WIB" name="Test-Suites" finished-at="2024-09-13T09:55:08 WIB" duration-ms="137394">
    <groups>
    </groups>
    <test started-at="2024-09-13T09:52:51 WIB" name="Test-Results-Demo" finished-at="2024-09-13T09:55:08 WIB" duration-ms="137394">
      <class name="com.juaracoding.Tokopedia_Selenium.impl.LoginNegativeSteps">
        <test-method is-config="true" signature="setUp()[pri:0, instance:com.juaracoding.Tokopedia_Selenium.impl.LoginNegativeSteps@1372ed45]" started-at="2024-09-13T09:52:51 WIB" name="setUp" finished-at="2024-09-13T09:53:01 WIB" duration-ms="10451" status="PASS">
          <reporter-output>
          </reporter-output>
        </test-method> <!-- setUp -->
        <test-method signature="LoginNegative_Invalid_Password(java.lang.String,java.lang.String)[pri:0, instance:com.juaracoding.Tokopedia_Selenium.impl.LoginNegativeSteps@1372ed45]" started-at="2024-09-13T09:53:01 WIB" name="LoginNegative_Invalid_Password" data-provider="loginDataInvalidPassword" finished-at="2024-09-13T09:53:12 WIB" duration-ms="10404" status="PASS">
          <params>
            <param index="0">
              <value>
                <![CDATA[nagashias17@gmail.com]]>
              </value>
            </param>
            <param index="1">
              <value>
                <![CDATA[Naga1234]]>
              </value>
            </param>
          </params>
          <reporter-output>
          </reporter-output>
        </test-method> <!-- LoginNegative_Invalid_Password -->
        <test-method is-config="true" signature="tearDown()[pri:0, instance:com.juaracoding.Tokopedia_Selenium.impl.LoginNegativeSteps@1372ed45]" started-at="2024-09-13T09:53:12 WIB" name="tearDown" finished-at="2024-09-13T09:53:13 WIB" duration-ms="1162" status="PASS">
          <reporter-output>
          </reporter-output>
        </test-method> <!-- tearDown -->
      </class> <!-- com.juaracoding.Tokopedia_Selenium.impl.LoginNegativeSteps -->
      <class name="com.juaracoding.Tokopedia_Selenium.impl.SearchProductPositiveSteps">
        <test-method is-config="true" signature="setUp()[pri:0, instance:com.juaracoding.Tokopedia_Selenium.impl.SearchProductPositiveSteps@5d20e46]" started-at="2024-09-13T09:54:24 WIB" name="setUp" finished-at="2024-09-13T09:54:33 WIB" duration-ms="9031" status="PASS">
          <reporter-output>
          </reporter-output>
        </test-method> <!-- setUp -->
        <test-method signature="Search_Positive_Products(java.lang.String)[pri:0, instance:com.juaracoding.Tokopedia_Selenium.impl.SearchProductPositiveSteps@5d20e46]" started-at="2024-09-13T09:54:33 WIB" name="Search_Positive_Products" data-provider="DataProduct" finished-at="2024-09-13T09:54:37 WIB" duration-ms="4246" status="PASS">
          <params>
            <param index="0">
              <value>
                <![CDATA[Canon EOS 3000D]]>
              </value>
            </param>
          </params>
          <reporter-output>
          </reporter-output>
        </test-method> <!-- Search_Positive_Products -->
        <test-method is-config="true" signature="tearDown()[pri:0, instance:com.juaracoding.Tokopedia_Selenium.impl.SearchProductPositiveSteps@5d20e46]" started-at="2024-09-13T09:54:37 WIB" name="tearDown" finished-at="2024-09-13T09:54:38 WIB" duration-ms="850" status="PASS">
          <reporter-output>
          </reporter-output>
        </test-method> <!-- tearDown -->
        <test-method is-config="true" signature="setUp()[pri:0, instance:com.juaracoding.Tokopedia_Selenium.impl.SearchProductPositiveSteps@5d20e46]" started-at="2024-09-13T09:54:38 WIB" name="setUp" finished-at="2024-09-13T09:54:48 WIB" duration-ms="9915" status="PASS">
          <reporter-output>
          </reporter-output>
        </test-method> <!-- setUp -->
        <test-method signature="Search_Positive_Products(java.lang.String)[pri:0, instance:com.juaracoding.Tokopedia_Selenium.impl.SearchProductPositiveSteps@5d20e46]" started-at="2024-09-13T09:54:48 WIB" name="Search_Positive_Products" data-provider="DataProduct" finished-at="2024-09-13T09:54:51 WIB" duration-ms="3781" status="PASS">
          <params>
            <param index="0">
              <value>
                <![CDATA[canon EOS 750D]]>
              </value>
            </param>
          </params>
          <reporter-output>
          </reporter-output>
        </test-method> <!-- Search_Positive_Products -->
        <test-method is-config="true" signature="tearDown()[pri:0, instance:com.juaracoding.Tokopedia_Selenium.impl.SearchProductPositiveSteps@5d20e46]" started-at="2024-09-13T09:54:51 WIB" name="tearDown" finished-at="2024-09-13T09:54:52 WIB" duration-ms="888" status="PASS">
          <reporter-output>
          </reporter-output>
        </test-method> <!-- tearDown -->
        <test-method is-config="true" signature="setUp()[pri:0, instance:com.juaracoding.Tokopedia_Selenium.impl.SearchProductPositiveSteps@5d20e46]" started-at="2024-09-13T09:54:52 WIB" name="setUp" finished-at="2024-09-13T09:55:03 WIB" duration-ms="11174" status="PASS">
          <reporter-output>
          </reporter-output>
        </test-method> <!-- setUp -->
        <test-method signature="Search_Positive_Products(java.lang.String)[pri:0, instance:com.juaracoding.Tokopedia_Selenium.impl.SearchProductPositiveSteps@5d20e46]" started-at="2024-09-13T09:55:03 WIB" name="Search_Positive_Products" data-provider="DataProduct" finished-at="2024-09-13T09:55:07 WIB" duration-ms="3769" status="PASS">
          <params>
            <param index="0">
              <value>
                <![CDATA[SONY APLHA]]>
              </value>
            </param>
          </params>
          <reporter-output>
          </reporter-output>
        </test-method> <!-- Search_Positive_Products -->
        <test-method is-config="true" signature="tearDown()[pri:0, instance:com.juaracoding.Tokopedia_Selenium.impl.SearchProductPositiveSteps@5d20e46]" started-at="2024-09-13T09:55:07 WIB" name="tearDown" finished-at="2024-09-13T09:55:08 WIB" duration-ms="933" status="PASS">
          <reporter-output>
          </reporter-output>
        </test-method> <!-- tearDown -->
      </class> <!-- com.juaracoding.Tokopedia_Selenium.impl.SearchProductPositiveSteps -->
      <class name="com.juaracoding.Tokopedia_Selenium.impl.SearchProductNegativeSteps">
        <test-method is-config="true" signature="setUp()[pri:0, instance:com.juaracoding.Tokopedia_Selenium.impl.SearchProductNegativeSteps@7364985f]" started-at="2024-09-13T09:53:13 WIB" name="setUp" finished-at="2024-09-13T09:53:23 WIB" duration-ms="9941" status="PASS">
          <reporter-output>
          </reporter-output>
        </test-method> <!-- setUp -->
        <test-method signature="Search_Positive_Products(java.lang.String)[pri:0, instance:com.juaracoding.Tokopedia_Selenium.impl.SearchProductNegativeSteps@7364985f]" started-at="2024-09-13T09:53:23 WIB" name="Search_Positive_Products" data-provider="DataProduct" finished-at="2024-09-13T09:53:27 WIB" duration-ms="3798" status="PASS">
          <params>
            <param index="0">
              <value>
                <![CDATA[zzzzzzzzzzzzzzzzzzz]]>
              </value>
            </param>
          </params>
          <reporter-output>
          </reporter-output>
        </test-method> <!-- Search_Positive_Products -->
        <test-method is-config="true" signature="tearDown()[pri:0, instance:com.juaracoding.Tokopedia_Selenium.impl.SearchProductNegativeSteps@7364985f]" started-at="2024-09-13T09:53:27 WIB" name="tearDown" finished-at="2024-09-13T09:53:27 WIB" duration-ms="926" status="PASS">
          <reporter-output>
          </reporter-output>
        </test-method> <!-- tearDown -->
        <test-method is-config="true" signature="setUp()[pri:0, instance:com.juaracoding.Tokopedia_Selenium.impl.SearchProductNegativeSteps@7364985f]" started-at="2024-09-13T09:53:27 WIB" name="setUp" finished-at="2024-09-13T09:53:38 WIB" duration-ms="10731" status="PASS">
          <reporter-output>
          </reporter-output>
        </test-method> <!-- setUp -->
        <test-method signature="Search_Positive_Products(java.lang.String)[pri:0, instance:com.juaracoding.Tokopedia_Selenium.impl.SearchProductNegativeSteps@7364985f]" started-at="2024-09-13T09:53:38 WIB" name="Search_Positive_Products" data-provider="DataProduct" finished-at="2024-09-13T09:53:42 WIB" duration-ms="3708" status="PASS">
          <params>
            <param index="0">
              <value>
                <![CDATA[aaaaaaaaaaaaaaaaaaaa]]>
              </value>
            </param>
          </params>
          <reporter-output>
          </reporter-output>
        </test-method> <!-- Search_Positive_Products -->
        <test-method is-config="true" signature="tearDown()[pri:0, instance:com.juaracoding.Tokopedia_Selenium.impl.SearchProductNegativeSteps@7364985f]" started-at="2024-09-13T09:53:42 WIB" name="tearDown" finished-at="2024-09-13T09:53:43 WIB" duration-ms="686" status="PASS">
          <reporter-output>
          </reporter-output>
        </test-method> <!-- tearDown -->
        <test-method is-config="true" signature="setUp()[pri:0, instance:com.juaracoding.Tokopedia_Selenium.impl.SearchProductNegativeSteps@7364985f]" started-at="2024-09-13T09:53:43 WIB" name="setUp" finished-at="2024-09-13T09:53:52 WIB" duration-ms="9449" status="PASS">
          <reporter-output>
          </reporter-output>
        </test-method> <!-- setUp -->
        <test-method signature="Search_Positive_Products(java.lang.String)[pri:0, instance:com.juaracoding.Tokopedia_Selenium.impl.SearchProductNegativeSteps@7364985f]" started-at="2024-09-13T09:53:52 WIB" name="Search_Positive_Products" data-provider="DataProduct" finished-at="2024-09-13T09:53:56 WIB" duration-ms="3564" status="PASS">
          <params>
            <param index="0">
              <value>
                <![CDATA[bbbbbbbbbbbbbbbbbbb]]>
              </value>
            </param>
          </params>
          <reporter-output>
          </reporter-output>
        </test-method> <!-- Search_Positive_Products -->
        <test-method is-config="true" signature="tearDown()[pri:0, instance:com.juaracoding.Tokopedia_Selenium.impl.SearchProductNegativeSteps@7364985f]" started-at="2024-09-13T09:53:56 WIB" name="tearDown" finished-at="2024-09-13T09:53:56 WIB" duration-ms="739" status="PASS">
          <reporter-output>
          </reporter-output>
        </test-method> <!-- tearDown -->
        <test-method is-config="true" signature="setUp()[pri:0, instance:com.juaracoding.Tokopedia_Selenium.impl.SearchProductNegativeSteps@7364985f]" started-at="2024-09-13T09:53:56 WIB" name="setUp" finished-at="2024-09-13T09:54:05 WIB" duration-ms="9020" status="PASS">
          <reporter-output>
          </reporter-output>
        </test-method> <!-- setUp -->
        <test-method signature="Search_Positive_Products(java.lang.String)[pri:0, instance:com.juaracoding.Tokopedia_Selenium.impl.SearchProductNegativeSteps@7364985f]" started-at="2024-09-13T09:54:05 WIB" name="Search_Positive_Products" data-provider="DataProduct" finished-at="2024-09-13T09:54:09 WIB" duration-ms="3516" status="PASS">
          <params>
            <param index="0">
              <value>
                <![CDATA[ccccccccccccccccccc]]>
              </value>
            </param>
          </params>
          <reporter-output>
          </reporter-output>
        </test-method> <!-- Search_Positive_Products -->
        <test-method is-config="true" signature="tearDown()[pri:0, instance:com.juaracoding.Tokopedia_Selenium.impl.SearchProductNegativeSteps@7364985f]" started-at="2024-09-13T09:54:09 WIB" name="tearDown" finished-at="2024-09-13T09:54:10 WIB" duration-ms="776" status="PASS">
          <reporter-output>
          </reporter-output>
        </test-method> <!-- tearDown -->
        <test-method is-config="true" signature="setUp()[pri:0, instance:com.juaracoding.Tokopedia_Selenium.impl.SearchProductNegativeSteps@7364985f]" started-at="2024-09-13T09:54:10 WIB" name="setUp" finished-at="2024-09-13T09:54:19 WIB" duration-ms="9128" status="PASS">
          <reporter-output>
          </reporter-output>
        </test-method> <!-- setUp -->
        <test-method signature="Search_Positive_Products(java.lang.String)[pri:0, instance:com.juaracoding.Tokopedia_Selenium.impl.SearchProductNegativeSteps@7364985f]" started-at="2024-09-13T09:54:19 WIB" name="Search_Positive_Products" data-provider="DataProduct" finished-at="2024-09-13T09:54:23 WIB" duration-ms="3886" status="PASS">
          <params>
            <param index="0">
              <value>
                <![CDATA[ddddddddddddddddddd]]>
              </value>
            </param>
          </params>
          <reporter-output>
          </reporter-output>
        </test-method> <!-- Search_Positive_Products -->
        <test-method is-config="true" signature="tearDown()[pri:0, instance:com.juaracoding.Tokopedia_Selenium.impl.SearchProductNegativeSteps@7364985f]" started-at="2024-09-13T09:54:23 WIB" name="tearDown" finished-at="2024-09-13T09:54:24 WIB" duration-ms="812" status="PASS">
          <reporter-output>
          </reporter-output>
        </test-method> <!-- tearDown -->
      </class> <!-- com.juaracoding.Tokopedia_Selenium.impl.SearchProductNegativeSteps -->
    </test> <!-- Test-Results-Demo -->
  </suite> <!-- Test-Suites -->
</testng-results>
