<?xml version="1.0" encoding="UTF-8"?>
<testng-results ignored="0" total="9" passed="9" failed="0" skipped="0">
  <reporter-output>
  </reporter-output>
  <suite started-at="2024-09-13T09:15:48 WIB" name="Test-Suites" finished-at="2024-09-13T09:17:38 WIB" duration-ms="109957">
    <groups>
    </groups>
    <test started-at="2024-09-13T09:15:48 WIB" name="Test-Results-Demo" finished-at="2024-09-13T09:17:38 WIB" duration-ms="109957">
      <class name="com.juaracoding.Tokopedia_Selenium.impl.LoginNegativeSteps">
        <test-method is-config="true" signature="setUp()[pri:0, instance:com.juaracoding.Tokopedia_Selenium.impl.LoginNegativeSteps@1372ed45]" started-at="2024-09-13T09:15:48 WIB" name="setUp" finished-at="2024-09-13T09:15:57 WIB" duration-ms="8966" status="PASS">
          <reporter-output>
          </reporter-output>
        </test-method> <!-- setUp -->
        <test-method signature="LoginNegative_Invalid_Password(java.lang.String,java.lang.String)[pri:0, instance:com.juaracoding.Tokopedia_Selenium.impl.LoginNegativeSteps@1372ed45]" started-at="2024-09-13T09:15:57 WIB" name="LoginNegative_Invalid_Password" data-provider="loginDataInvalidPassword" finished-at="2024-09-13T09:16:07 WIB" duration-ms="9554" status="PASS">
          <params>
            <param index="0">
              <value>
                <![CDATA[nagashias17@gmail.com]]>
              </value>
            </param>
            <param index="1">
              <value>
                <![CDATA[Naga1234]]>
              </value>
            </param>
          </params>
          <reporter-output>
          </reporter-output>
        </test-method> <!-- LoginNegative_Invalid_Password -->
        <test-method is-config="true" signature="tearDown()[pri:0, instance:com.juaracoding.Tokopedia_Selenium.impl.LoginNegativeSteps@1372ed45]" started-at="2024-09-13T09:16:07 WIB" name="tearDown" finished-at="2024-09-13T09:16:08 WIB" duration-ms="608" status="PASS">
          <reporter-output>
          </reporter-output>
        </test-method> <!-- tearDown -->
      </class> <!-- com.juaracoding.Tokopedia_Selenium.impl.LoginNegativeSteps -->
      <class name="com.juaracoding.Tokopedia_Selenium.impl.SearchProductPositiveSteps">
        <test-method is-config="true" signature="setUp()[pri:0, instance:com.juaracoding.Tokopedia_Selenium.impl.SearchProductPositiveSteps@5d20e46]" started-at="2024-09-13T09:17:04 WIB" name="setUp" finished-at="2024-09-13T09:17:12 WIB" duration-ms="8459" status="PASS">
          <reporter-output>
          </reporter-output>
        </test-method> <!-- setUp -->
        <test-method signature="Search_Positive_Products(java.lang.String)[pri:0, instance:com.juaracoding.Tokopedia_Selenium.impl.SearchProductPositiveSteps@5d20e46]" started-at="2024-09-13T09:17:12 WIB" name="Search_Positive_Products" data-provider="DataProduct" finished-at="2024-09-13T09:17:16 WIB" duration-ms="3444" status="PASS">
          <params>
            <param index="0">
              <value>
                <![CDATA[Canon EOS 3000D]]>
              </value>
            </param>
          </params>
          <reporter-output>
          </reporter-output>
        </test-method> <!-- Search_Positive_Products -->
        <test-method is-config="true" signature="tearDown()[pri:0, instance:com.juaracoding.Tokopedia_Selenium.impl.SearchProductPositiveSteps@5d20e46]" started-at="2024-09-13T09:17:16 WIB" name="tearDown" finished-at="2024-09-13T09:17:16 WIB" duration-ms="470" status="PASS">
          <reporter-output>
          </reporter-output>
        </test-method> <!-- tearDown -->
        <test-method is-config="true" signature="setUp()[pri:0, instance:com.juaracoding.Tokopedia_Selenium.impl.SearchProductPositiveSteps@5d20e46]" started-at="2024-09-13T09:17:16 WIB" name="setUp" finished-at="2024-09-13T09:17:23 WIB" duration-ms="7346" status="PASS">
          <reporter-output>
          </reporter-output>
        </test-method> <!-- setUp -->
        <test-method signature="Search_Positive_Products(java.lang.String)[pri:0, instance:com.juaracoding.Tokopedia_Selenium.impl.SearchProductPositiveSteps@5d20e46]" started-at="2024-09-13T09:17:23 WIB" name="Search_Positive_Products" data-provider="DataProduct" finished-at="2024-09-13T09:17:27 WIB" duration-ms="3481" status="PASS">
          <params>
            <param index="0">
              <value>
                <![CDATA[canon EOS 750D]]>
              </value>
            </param>
          </params>
          <reporter-output>
          </reporter-output>
        </test-method> <!-- Search_Positive_Products -->
        <test-method is-config="true" signature="tearDown()[pri:0, instance:com.juaracoding.Tokopedia_Selenium.impl.SearchProductPositiveSteps@5d20e46]" started-at="2024-09-13T09:17:27 WIB" name="tearDown" finished-at="2024-09-13T09:17:27 WIB" duration-ms="484" status="PASS">
          <reporter-output>
          </reporter-output>
        </test-method> <!-- tearDown -->
        <test-method is-config="true" signature="setUp()[pri:0, instance:com.juaracoding.Tokopedia_Selenium.impl.SearchProductPositiveSteps@5d20e46]" started-at="2024-09-13T09:17:27 WIB" name="setUp" finished-at="2024-09-13T09:17:34 WIB" duration-ms="7042" status="PASS">
          <reporter-output>
          </reporter-output>
        </test-method> <!-- setUp -->
        <test-method signature="Search_Positive_Products(java.lang.String)[pri:0, instance:com.juaracoding.Tokopedia_Selenium.impl.SearchProductPositiveSteps@5d20e46]" started-at="2024-09-13T09:17:34 WIB" name="Search_Positive_Products" data-provider="DataProduct" finished-at="2024-09-13T09:17:38 WIB" duration-ms="3433" status="PASS">
          <params>
            <param index="0">
              <value>
                <![CDATA[SONY APLHA]]>
              </value>
            </param>
          </params>
          <reporter-output>
          </reporter-output>
        </test-method> <!-- Search_Positive_Products -->
        <test-method is-config="true" signature="tearDown()[pri:0, instance:com.juaracoding.Tokopedia_Selenium.impl.SearchProductPositiveSteps@5d20e46]" started-at="2024-09-13T09:17:38 WIB" name="tearDown" finished-at="2024-09-13T09:17:38 WIB" duration-ms="435" status="PASS">
          <reporter-output>
          </reporter-output>
        </test-method> <!-- tearDown -->
      </class> <!-- com.juaracoding.Tokopedia_Selenium.impl.SearchProductPositiveSteps -->
      <class name="com.juaracoding.Tokopedia_Selenium.impl.SearchProductNegativeSteps">
        <test-method is-config="true" signature="setUp()[pri:0, instance:com.juaracoding.Tokopedia_Selenium.impl.SearchProductNegativeSteps@7364985f]" started-at="2024-09-13T09:16:08 WIB" name="setUp" finished-at="2024-09-13T09:16:16 WIB" duration-ms="8340" status="PASS">
          <reporter-output>
          </reporter-output>
        </test-method> <!-- setUp -->
        <test-method signature="Search_Positive_Products(java.lang.String)[pri:0, instance:com.juaracoding.Tokopedia_Selenium.impl.SearchProductNegativeSteps@7364985f]" started-at="2024-09-13T09:16:16 WIB" name="Search_Positive_Products" data-provider="DataProduct" finished-at="2024-09-13T09:16:19 WIB" duration-ms="3603" status="PASS">
          <params>
            <param index="0">
              <value>
                <![CDATA[zzzzzzzzzzzzzzzzzzz]]>
              </value>
            </param>
          </params>
          <reporter-output>
          </reporter-output>
        </test-method> <!-- Search_Positive_Products -->
        <test-method is-config="true" signature="tearDown()[pri:0, instance:com.juaracoding.Tokopedia_Selenium.impl.SearchProductNegativeSteps@7364985f]" started-at="2024-09-13T09:16:19 WIB" name="tearDown" finished-at="2024-09-13T09:16:20 WIB" duration-ms="653" status="PASS">
          <reporter-output>
          </reporter-output>
        </test-method> <!-- tearDown -->
        <test-method is-config="true" signature="setUp()[pri:0, instance:com.juaracoding.Tokopedia_Selenium.impl.SearchProductNegativeSteps@7364985f]" started-at="2024-09-13T09:16:20 WIB" name="setUp" finished-at="2024-09-13T09:16:27 WIB" duration-ms="6748" status="PASS">
          <reporter-output>
          </reporter-output>
        </test-method> <!-- setUp -->
        <test-method signature="Search_Positive_Products(java.lang.String)[pri:0, instance:com.juaracoding.Tokopedia_Selenium.impl.SearchProductNegativeSteps@7364985f]" started-at="2024-09-13T09:16:27 WIB" name="Search_Positive_Products" data-provider="DataProduct" finished-at="2024-09-13T09:16:30 WIB" duration-ms="3524" status="PASS">
          <params>
            <param index="0">
              <value>
                <![CDATA[aaaaaaaaaaaaaaaaaaaa]]>
              </value>
            </param>
          </params>
          <reporter-output>
          </reporter-output>
        </test-method> <!-- Search_Positive_Products -->
        <test-method is-config="true" signature="tearDown()[pri:0, instance:com.juaracoding.Tokopedia_Selenium.impl.SearchProductNegativeSteps@7364985f]" started-at="2024-09-13T09:16:30 WIB" name="tearDown" finished-at="2024-09-13T09:16:31 WIB" duration-ms="441" status="PASS">
          <reporter-output>
          </reporter-output>
        </test-method> <!-- tearDown -->
        <test-method is-config="true" signature="setUp()[pri:0, instance:com.juaracoding.Tokopedia_Selenium.impl.SearchProductNegativeSteps@7364985f]" started-at="2024-09-13T09:16:31 WIB" name="setUp" finished-at="2024-09-13T09:16:38 WIB" duration-ms="7095" status="PASS">
          <reporter-output>
          </reporter-output>
        </test-method> <!-- setUp -->
        <test-method signature="Search_Positive_Products(java.lang.String)[pri:0, instance:com.juaracoding.Tokopedia_Selenium.impl.SearchProductNegativeSteps@7364985f]" started-at="2024-09-13T09:16:38 WIB" name="Search_Positive_Products" data-provider="DataProduct" finished-at="2024-09-13T09:16:41 WIB" duration-ms="3467" status="PASS">
          <params>
            <param index="0">
              <value>
                <![CDATA[bbbbbbbbbbbbbbbbbbb]]>
              </value>
            </param>
          </params>
          <reporter-output>
          </reporter-output>
        </test-method> <!-- Search_Positive_Products -->
        <test-method is-config="true" signature="tearDown()[pri:0, instance:com.juaracoding.Tokopedia_Selenium.impl.SearchProductNegativeSteps@7364985f]" started-at="2024-09-13T09:16:41 WIB" name="tearDown" finished-at="2024-09-13T09:16:42 WIB" duration-ms="422" status="PASS">
          <reporter-output>
          </reporter-output>
        </test-method> <!-- tearDown -->
        <test-method is-config="true" signature="setUp()[pri:0, instance:com.juaracoding.Tokopedia_Selenium.impl.SearchProductNegativeSteps@7364985f]" started-at="2024-09-13T09:16:42 WIB" name="setUp" finished-at="2024-09-13T09:16:49 WIB" duration-ms="6935" status="PASS">
          <reporter-output>
          </reporter-output>
        </test-method> <!-- setUp -->
        <test-method signature="Search_Positive_Products(java.lang.String)[pri:0, instance:com.juaracoding.Tokopedia_Selenium.impl.SearchProductNegativeSteps@7364985f]" started-at="2024-09-13T09:16:49 WIB" name="Search_Positive_Products" data-provider="DataProduct" finished-at="2024-09-13T09:16:52 WIB" duration-ms="3508" status="PASS">
          <params>
            <param index="0">
              <value>
                <![CDATA[ccccccccccccccccccc]]>
              </value>
            </param>
          </params>
          <reporter-output>
          </reporter-output>
        </test-method> <!-- Search_Positive_Products -->
        <test-method is-config="true" signature="tearDown()[pri:0, instance:com.juaracoding.Tokopedia_Selenium.impl.SearchProductNegativeSteps@7364985f]" started-at="2024-09-13T09:16:52 WIB" name="tearDown" finished-at="2024-09-13T09:16:53 WIB" duration-ms="522" status="PASS">
          <reporter-output>
          </reporter-output>
        </test-method> <!-- tearDown -->
        <test-method is-config="true" signature="setUp()[pri:0, instance:com.juaracoding.Tokopedia_Selenium.impl.SearchProductNegativeSteps@7364985f]" started-at="2024-09-13T09:16:53 WIB" name="setUp" finished-at="2024-09-13T09:17:00 WIB" duration-ms="7097" status="PASS">
          <reporter-output>
          </reporter-output>
        </test-method> <!-- setUp -->
        <test-method signature="Search_Positive_Products(java.lang.String)[pri:0, instance:com.juaracoding.Tokopedia_Selenium.impl.SearchProductNegativeSteps@7364985f]" started-at="2024-09-13T09:17:00 WIB" name="Search_Positive_Products" data-provider="DataProduct" finished-at="2024-09-13T09:17:03 WIB" duration-ms="3410" status="PASS">
          <params>
            <param index="0">
              <value>
                <![CDATA[ddddddddddddddddddd]]>
              </value>
            </param>
          </params>
          <reporter-output>
          </reporter-output>
        </test-method> <!-- Search_Positive_Products -->
        <test-method is-config="true" signature="tearDown()[pri:0, instance:com.juaracoding.Tokopedia_Selenium.impl.SearchProductNegativeSteps@7364985f]" started-at="2024-09-13T09:17:03 WIB" name="tearDown" finished-at="2024-09-13T09:17:04 WIB" duration-ms="398" status="PASS">
          <reporter-output>
          </reporter-output>
        </test-method> <!-- tearDown -->
      </class> <!-- com.juaracoding.Tokopedia_Selenium.impl.SearchProductNegativeSteps -->
    </test> <!-- Test-Results-Demo -->
  </suite> <!-- Test-Suites -->
</testng-results>
